<?xml version="1.0" encoding="UTF-8"?>
<!-- Generated by org.testng.reporters.JUnitReportReporter -->
<testsuite skipped="0" hostname="LAPTOP-HKC49DB9" name="com.seleniu.fb.test.testcases.LoginTest" tests="1" failures="0" timestamp="28 Oct 2018 19:43:48 GMT" time="12.213" errors="0">
  <testcase name="launchTest" time="12.213" classname="com.seleniu.fb.test.testcases.LoginTest"/>
</testsuite> <!-- com.seleniu.fb.test.testcases.LoginTest -->
