<?xml version="1.0" encoding="UTF-8"?>
<!-- Generated by org.testng.reporters.JUnitReportReporter -->
<<<<<<< HEAD
<testsuite skipped="0" hostname="CAD238" name="com.seleniu.fb.test.testcases.LoginTest" tests="1" failures="0" timestamp="17 Jun 2019 17:08:57 GMT" time="17.171" errors="0">
  <testcase name="launchTest" time="17.171" classname="com.seleniu.fb.test.testcases.LoginTest"/>
=======
<testsuite skipped="0" hostname="CAD238" name="com.seleniu.fb.test.testcases.LoginTest" tests="1" failures="0" timestamp="11 Jun 2019 18:01:35 GMT" time="7.318" errors="0">
  <testcase name="launchTest" time="7.318" classname="com.seleniu.fb.test.testcases.LoginTest"/>
>>>>>>> 05f0a38b5805b58ec92331e92b906de3e2e886fd
</testsuite> <!-- com.seleniu.fb.test.testcases.LoginTest -->
