<?xml version="1.0" encoding="UTF-8"?>
<!-- Generated by org.testng.reporters.JUnitReportReporter -->
<testsuite skipped="0" hostname="CAD238" name="com.seleniu.fb.test.testcases.LoginTest" tests="1" failures="0" timestamp="10 Jun 2019 20:26:03 GMT" time="6.280" errors="0">
  <testcase name="launchTest" time="6.280" classname="com.seleniu.fb.test.testcases.LoginTest"/>
</testsuite> <!-- com.seleniu.fb.test.testcases.LoginTest -->
