<?xml version="1.0" encoding="UTF-8"?>
<!-- Generated by org.testng.reporters.JUnitReportReporter -->
<testsuite skipped="0" hostname="CAD238" name="com.seleniu.fb.test.testcases.LoginTest" tests="1" failures="0" timestamp="12 Jun 2019 18:38:13 GMT" time="5.644" errors="0">
  <testcase name="launchTest" time="5.644" classname="com.seleniu.fb.test.testcases.LoginTest"/>
</testsuite> <!-- com.seleniu.fb.test.testcases.LoginTest -->
