<?xml version="1.0" encoding="UTF-8"?>
<!-- Generated by org.testng.reporters.JUnitReportReporter -->
<testsuite skipped="0" hostname="CAD238" name="com.seleniu.fb.test.testcases.LoginTest" tests="1" failures="0" timestamp="11 Jun 2019 18:01:35 GMT" time="7.318" errors="0">
  <testcase name="launchTest" time="7.318" classname="com.seleniu.fb.test.testcases.LoginTest"/>
</testsuite> <!-- com.seleniu.fb.test.testcases.LoginTest -->
