<?xml version="1.0" encoding="UTF-8"?>
<!-- Generated by org.testng.reporters.JUnitReportReporter -->
<testsuite skipped="0" hostname="CAD238" name="com.seleniu.fb.test.testcases.LoginTest" tests="1" failures="0" timestamp="06 Nov 2018 21:34:09 GMT" time="11.396" errors="0">
  <testcase name="launchTest" time="11.396" classname="com.seleniu.fb.test.testcases.LoginTest"/>
</testsuite> <!-- com.seleniu.fb.test.testcases.LoginTest -->
